[0.067s] DEBUG:colcon:Command line arguments: ['/usr/bin/colcon', 'list', '-p', '--base-paths', '/home/juan/rs1_ws/src/RS1-Search-and-Rescue-Robot', '--log-base', '/dev/null']
[0.067s] DEBUG:colcon:Parsed command line arguments: Namespace(log_base=None, log_level=None, verb_name='list', build_base='build', ignore_user_meta=False, metas=['./colcon.meta'], base_paths=['/home/juan/rs1_ws/src/RS1-Search-and-Rescue-Robot', '--log-base', '/dev/null'], packages_ignore=None, packages_ignore_regex=None, paths=None, packages_up_to=None, packages_up_to_regex=None, packages_above=None, packages_above_and_dependencies=None, packages_above_depth=None, packages_select_by_dep=None, packages_skip_by_dep=None, packages_skip_up_to=None, packages_select_build_failed=False, packages_skip_build_finished=False, packages_select_test_failures=False, packages_skip_test_passed=False, packages_select=None, packages_skip=None, packages_select_regex=None, packages_skip_regex=None, packages_start=None, packages_end=None, allow_overriding=[], topological_order=False, names_only=False, paths_only=True, topological_graph=False, topological_graph_dot=False, topological_graph_density=False, topological_graph_legend=False, topological_graph_dot_cluster=False, topological_graph_dot_include_skipped=False, mixin_files=None, mixin=None, verb_parser=<colcon_mixin.mixin.mixin_argument.MixinArgumentDecorator object at 0x7a7a2812e050>, verb_extension=<colcon_package_information.verb.list.ListVerb object at 0x7a7a2812cdc0>, main=<bound method ListVerb.main of <colcon_package_information.verb.list.ListVerb object at 0x7a7a2812cdc0>>, mixin_verb=('list',))
[0.180s] Level 1:colcon.colcon_core.package_discovery:discover_packages(colcon_meta) check parameters
[0.180s] Level 1:colcon.colcon_core.package_discovery:discover_packages(recursive) check parameters
[0.180s] Level 1:colcon.colcon_core.package_discovery:discover_packages(ignore) check parameters
[0.180s] Level 1:colcon.colcon_core.package_discovery:discover_packages(path) check parameters
[0.180s] Level 1:colcon.colcon_core.package_discovery:discover_packages(recursive) discover
[0.180s] INFO:colcon.colcon_core.package_discovery:Crawling recursively for packages in '/home/juan/rs1_ws/src/RS1-Search-and-Rescue-Robot', '/home/juan/rs1_ws/src/RS1-Search-and-Rescue-Robot/--log-base', '/dev/null'
[0.180s] Level 1:colcon.colcon_core.package_identification:_identify(/home/juan/rs1_ws/src/RS1-Search-and-Rescue-Robot) by extensions ['ignore', 'ignore_ament_install']
[0.180s] Level 1:colcon.colcon_core.package_identification:_identify(/home/juan/rs1_ws/src/RS1-Search-and-Rescue-Robot) by extension 'ignore'
[0.180s] Level 1:colcon.colcon_core.package_identification:_identify(/home/juan/rs1_ws/src/RS1-Search-and-Rescue-Robot) by extension 'ignore_ament_install'
[0.180s] Level 1:colcon.colcon_core.package_identification:_identify(/home/juan/rs1_ws/src/RS1-Search-and-Rescue-Robot) by extensions ['colcon_pkg']
[0.180s] Level 1:colcon.colcon_core.package_identification:_identify(/home/juan/rs1_ws/src/RS1-Search-and-Rescue-Robot) by extension 'colcon_pkg'
[0.180s] Level 1:colcon.colcon_core.package_identification:_identify(/home/juan/rs1_ws/src/RS1-Search-and-Rescue-Robot) by extensions ['colcon_meta']
[0.180s] Level 1:colcon.colcon_core.package_identification:_identify(/home/juan/rs1_ws/src/RS1-Search-and-Rescue-Robot) by extension 'colcon_meta'
[0.180s] Level 1:colcon.colcon_core.package_identification:_identify(/home/juan/rs1_ws/src/RS1-Search-and-Rescue-Robot) by extensions ['ros']
[0.180s] Level 1:colcon.colcon_core.package_identification:_identify(/home/juan/rs1_ws/src/RS1-Search-and-Rescue-Robot) by extension 'ros'
[0.187s] Level 1:colcon.colcon_core.package_identification:_identify(/home/juan/rs1_ws/src/RS1-Search-and-Rescue-Robot) by extensions ['cmake', 'python']
[0.187s] Level 1:colcon.colcon_core.package_identification:_identify(/home/juan/rs1_ws/src/RS1-Search-and-Rescue-Robot) by extension 'cmake'
[0.187s] Level 1:colcon.colcon_core.package_identification:_identify(/home/juan/rs1_ws/src/RS1-Search-and-Rescue-Robot) by extension 'python'
[0.187s] Level 1:colcon.colcon_core.package_identification:_identify(/home/juan/rs1_ws/src/RS1-Search-and-Rescue-Robot) by extensions ['python_setup_py']
[0.187s] Level 1:colcon.colcon_core.package_identification:_identify(/home/juan/rs1_ws/src/RS1-Search-and-Rescue-Robot) by extension 'python_setup_py'
[0.188s] Level 1:colcon.colcon_core.package_identification:_identify(/home/juan/rs1_ws/src/RS1-Search-and-Rescue-Robot/41068_ignition_bringup) by extensions ['ignore', 'ignore_ament_install']
[0.188s] Level 1:colcon.colcon_core.package_identification:_identify(/home/juan/rs1_ws/src/RS1-Search-and-Rescue-Robot/41068_ignition_bringup) by extension 'ignore'
[0.188s] Level 1:colcon.colcon_core.package_identification:_identify(/home/juan/rs1_ws/src/RS1-Search-and-Rescue-Robot/41068_ignition_bringup) by extension 'ignore_ament_install'
[0.188s] Level 1:colcon.colcon_core.package_identification:_identify(/home/juan/rs1_ws/src/RS1-Search-and-Rescue-Robot/41068_ignition_bringup) by extensions ['colcon_pkg']
[0.188s] Level 1:colcon.colcon_core.package_identification:_identify(/home/juan/rs1_ws/src/RS1-Search-and-Rescue-Robot/41068_ignition_bringup) by extension 'colcon_pkg'
[0.188s] Level 1:colcon.colcon_core.package_identification:_identify(/home/juan/rs1_ws/src/RS1-Search-and-Rescue-Robot/41068_ignition_bringup) by extensions ['colcon_meta']
[0.188s] Level 1:colcon.colcon_core.package_identification:_identify(/home/juan/rs1_ws/src/RS1-Search-and-Rescue-Robot/41068_ignition_bringup) by extension 'colcon_meta'
[0.188s] Level 1:colcon.colcon_core.package_identification:_identify(/home/juan/rs1_ws/src/RS1-Search-and-Rescue-Robot/41068_ignition_bringup) by extensions ['ros']
[0.188s] Level 1:colcon.colcon_core.package_identification:_identify(/home/juan/rs1_ws/src/RS1-Search-and-Rescue-Robot/41068_ignition_bringup) by extension 'ros'
[0.190s] DEBUG:colcon.colcon_core.package_identification:Package '/home/juan/rs1_ws/src/RS1-Search-and-Rescue-Robot/41068_ignition_bringup' with type 'ros.ament_cmake' and name '41068_ignition_bringup'
[0.190s] Level 1:colcon.colcon_core.package_identification:_identify(/home/juan/rs1_ws/src/RS1-Search-and-Rescue-Robot/battery_node) by extensions ['ignore', 'ignore_ament_install']
[0.190s] Level 1:colcon.colcon_core.package_identification:_identify(/home/juan/rs1_ws/src/RS1-Search-and-Rescue-Robot/battery_node) by extension 'ignore'
[0.190s] Level 1:colcon.colcon_core.package_identification:_identify(/home/juan/rs1_ws/src/RS1-Search-and-Rescue-Robot/battery_node) by extension 'ignore_ament_install'
[0.190s] Level 1:colcon.colcon_core.package_identification:_identify(/home/juan/rs1_ws/src/RS1-Search-and-Rescue-Robot/battery_node) by extensions ['colcon_pkg']
[0.190s] Level 1:colcon.colcon_core.package_identification:_identify(/home/juan/rs1_ws/src/RS1-Search-and-Rescue-Robot/battery_node) by extension 'colcon_pkg'
[0.190s] Level 1:colcon.colcon_core.package_identification:_identify(/home/juan/rs1_ws/src/RS1-Search-and-Rescue-Robot/battery_node) by extensions ['colcon_meta']
[0.190s] Level 1:colcon.colcon_core.package_identification:_identify(/home/juan/rs1_ws/src/RS1-Search-and-Rescue-Robot/battery_node) by extension 'colcon_meta'
[0.190s] Level 1:colcon.colcon_core.package_identification:_identify(/home/juan/rs1_ws/src/RS1-Search-and-Rescue-Robot/battery_node) by extensions ['ros']
[0.190s] Level 1:colcon.colcon_core.package_identification:_identify(/home/juan/rs1_ws/src/RS1-Search-and-Rescue-Robot/battery_node) by extension 'ros'
[0.191s] DEBUG:colcon.colcon_core.package_identification:Package '/home/juan/rs1_ws/src/RS1-Search-and-Rescue-Robot/battery_node' with type 'ros.ament_python' and name 'battery_node'
[0.191s] Level 1:colcon.colcon_core.package_identification:_identify(/home/juan/rs1_ws/src/RS1-Search-and-Rescue-Robot/bt_coordinator) by extensions ['ignore', 'ignore_ament_install']
[0.191s] Level 1:colcon.colcon_core.package_identification:_identify(/home/juan/rs1_ws/src/RS1-Search-and-Rescue-Robot/bt_coordinator) by extension 'ignore'
[0.191s] Level 1:colcon.colcon_core.package_identification:_identify(/home/juan/rs1_ws/src/RS1-Search-and-Rescue-Robot/bt_coordinator) by extension 'ignore_ament_install'
[0.191s] Level 1:colcon.colcon_core.package_identification:_identify(/home/juan/rs1_ws/src/RS1-Search-and-Rescue-Robot/bt_coordinator) by extensions ['colcon_pkg']
[0.191s] Level 1:colcon.colcon_core.package_identification:_identify(/home/juan/rs1_ws/src/RS1-Search-and-Rescue-Robot/bt_coordinator) by extension 'colcon_pkg'
[0.191s] Level 1:colcon.colcon_core.package_identification:_identify(/home/juan/rs1_ws/src/RS1-Search-and-Rescue-Robot/bt_coordinator) by extensions ['colcon_meta']
[0.191s] Level 1:colcon.colcon_core.package_identification:_identify(/home/juan/rs1_ws/src/RS1-Search-and-Rescue-Robot/bt_coordinator) by extension 'colcon_meta'
[0.191s] Level 1:colcon.colcon_core.package_identification:_identify(/home/juan/rs1_ws/src/RS1-Search-and-Rescue-Robot/bt_coordinator) by extensions ['ros']
[0.191s] Level 1:colcon.colcon_core.package_identification:_identify(/home/juan/rs1_ws/src/RS1-Search-and-Rescue-Robot/bt_coordinator) by extension 'ros'
[0.192s] DEBUG:colcon.colcon_core.package_identification:Package '/home/juan/rs1_ws/src/RS1-Search-and-Rescue-Robot/bt_coordinator' with type 'ros.ament_python' and name 'bt_coordinator'
[0.192s] Level 1:colcon.colcon_core.package_identification:_identify(/home/juan/rs1_ws/src/RS1-Search-and-Rescue-Robot/custom_tools) by extensions ['ignore', 'ignore_ament_install']
[0.192s] Level 1:colcon.colcon_core.package_identification:_identify(/home/juan/rs1_ws/src/RS1-Search-and-Rescue-Robot/custom_tools) by extension 'ignore'
[0.192s] Level 1:colcon.colcon_core.package_identification:_identify(/home/juan/rs1_ws/src/RS1-Search-and-Rescue-Robot/custom_tools) by extension 'ignore_ament_install'
[0.192s] Level 1:colcon.colcon_core.package_identification:_identify(/home/juan/rs1_ws/src/RS1-Search-and-Rescue-Robot/custom_tools) by extensions ['colcon_pkg']
[0.192s] Level 1:colcon.colcon_core.package_identification:_identify(/home/juan/rs1_ws/src/RS1-Search-and-Rescue-Robot/custom_tools) by extension 'colcon_pkg'
[0.192s] Level 1:colcon.colcon_core.package_identification:_identify(/home/juan/rs1_ws/src/RS1-Search-and-Rescue-Robot/custom_tools) by extensions ['colcon_meta']
[0.192s] Level 1:colcon.colcon_core.package_identification:_identify(/home/juan/rs1_ws/src/RS1-Search-and-Rescue-Robot/custom_tools) by extension 'colcon_meta'
[0.192s] Level 1:colcon.colcon_core.package_identification:_identify(/home/juan/rs1_ws/src/RS1-Search-and-Rescue-Robot/custom_tools) by extensions ['ros']
[0.192s] Level 1:colcon.colcon_core.package_identification:_identify(/home/juan/rs1_ws/src/RS1-Search-and-Rescue-Robot/custom_tools) by extension 'ros'
[0.193s] DEBUG:colcon.colcon_core.package_identification:Package '/home/juan/rs1_ws/src/RS1-Search-and-Rescue-Robot/custom_tools' with type 'ros.ament_cmake' and name 'custom_tools'
[0.193s] Level 1:colcon.colcon_core.package_identification:_identify(/home/juan/rs1_ws/src/RS1-Search-and-Rescue-Robot/log) by extensions ['ignore', 'ignore_ament_install']
[0.193s] Level 1:colcon.colcon_core.package_identification:_identify(/home/juan/rs1_ws/src/RS1-Search-and-Rescue-Robot/log) by extension 'ignore'
[0.193s] Level 1:colcon.colcon_core.package_identification:_identify(/home/juan/rs1_ws/src/RS1-Search-and-Rescue-Robot/log) ignored
[0.193s] Level 1:colcon.colcon_core.package_identification:_identify(/home/juan/rs1_ws/src/RS1-Search-and-Rescue-Robot/m-explore-ros2) by extensions ['ignore', 'ignore_ament_install']
[0.193s] Level 1:colcon.colcon_core.package_identification:_identify(/home/juan/rs1_ws/src/RS1-Search-and-Rescue-Robot/m-explore-ros2) by extension 'ignore'
[0.193s] Level 1:colcon.colcon_core.package_identification:_identify(/home/juan/rs1_ws/src/RS1-Search-and-Rescue-Robot/m-explore-ros2) by extension 'ignore_ament_install'
[0.193s] Level 1:colcon.colcon_core.package_identification:_identify(/home/juan/rs1_ws/src/RS1-Search-and-Rescue-Robot/m-explore-ros2) by extensions ['colcon_pkg']
[0.193s] Level 1:colcon.colcon_core.package_identification:_identify(/home/juan/rs1_ws/src/RS1-Search-and-Rescue-Robot/m-explore-ros2) by extension 'colcon_pkg'
[0.193s] Level 1:colcon.colcon_core.package_identification:_identify(/home/juan/rs1_ws/src/RS1-Search-and-Rescue-Robot/m-explore-ros2) by extensions ['colcon_meta']
[0.193s] Level 1:colcon.colcon_core.package_identification:_identify(/home/juan/rs1_ws/src/RS1-Search-and-Rescue-Robot/m-explore-ros2) by extension 'colcon_meta'
[0.193s] Level 1:colcon.colcon_core.package_identification:_identify(/home/juan/rs1_ws/src/RS1-Search-and-Rescue-Robot/m-explore-ros2) by extensions ['ros']
[0.193s] Level 1:colcon.colcon_core.package_identification:_identify(/home/juan/rs1_ws/src/RS1-Search-and-Rescue-Robot/m-explore-ros2) by extension 'ros'
[0.193s] Level 1:colcon.colcon_core.package_identification:_identify(/home/juan/rs1_ws/src/RS1-Search-and-Rescue-Robot/m-explore-ros2) by extensions ['cmake', 'python']
[0.193s] Level 1:colcon.colcon_core.package_identification:_identify(/home/juan/rs1_ws/src/RS1-Search-and-Rescue-Robot/m-explore-ros2) by extension 'cmake'
[0.193s] Level 1:colcon.colcon_core.package_identification:_identify(/home/juan/rs1_ws/src/RS1-Search-and-Rescue-Robot/m-explore-ros2) by extension 'python'
[0.193s] Level 1:colcon.colcon_core.package_identification:_identify(/home/juan/rs1_ws/src/RS1-Search-and-Rescue-Robot/m-explore-ros2) by extensions ['python_setup_py']
[0.193s] Level 1:colcon.colcon_core.package_identification:_identify(/home/juan/rs1_ws/src/RS1-Search-and-Rescue-Robot/m-explore-ros2) by extension 'python_setup_py'
[0.194s] Level 1:colcon.colcon_core.package_identification:_identify(/home/juan/rs1_ws/src/RS1-Search-and-Rescue-Robot/m-explore-ros2/explore) by extensions ['ignore', 'ignore_ament_install']
[0.194s] Level 1:colcon.colcon_core.package_identification:_identify(/home/juan/rs1_ws/src/RS1-Search-and-Rescue-Robot/m-explore-ros2/explore) by extension 'ignore'
[0.194s] Level 1:colcon.colcon_core.package_identification:_identify(/home/juan/rs1_ws/src/RS1-Search-and-Rescue-Robot/m-explore-ros2/explore) by extension 'ignore_ament_install'
[0.194s] Level 1:colcon.colcon_core.package_identification:_identify(/home/juan/rs1_ws/src/RS1-Search-and-Rescue-Robot/m-explore-ros2/explore) by extensions ['colcon_pkg']
[0.194s] Level 1:colcon.colcon_core.package_identification:_identify(/home/juan/rs1_ws/src/RS1-Search-and-Rescue-Robot/m-explore-ros2/explore) by extension 'colcon_pkg'
[0.194s] Level 1:colcon.colcon_core.package_identification:_identify(/home/juan/rs1_ws/src/RS1-Search-and-Rescue-Robot/m-explore-ros2/explore) by extensions ['colcon_meta']
[0.194s] Level 1:colcon.colcon_core.package_identification:_identify(/home/juan/rs1_ws/src/RS1-Search-and-Rescue-Robot/m-explore-ros2/explore) by extension 'colcon_meta'
[0.194s] Level 1:colcon.colcon_core.package_identification:_identify(/home/juan/rs1_ws/src/RS1-Search-and-Rescue-Robot/m-explore-ros2/explore) by extensions ['ros']
[0.194s] Level 1:colcon.colcon_core.package_identification:_identify(/home/juan/rs1_ws/src/RS1-Search-and-Rescue-Robot/m-explore-ros2/explore) by extension 'ros'
[0.195s] DEBUG:colcon.colcon_core.package_identification:Package '/home/juan/rs1_ws/src/RS1-Search-and-Rescue-Robot/m-explore-ros2/explore' with type 'ros.ament_cmake' and name 'explore_lite'
[0.195s] Level 1:colcon.colcon_core.package_identification:_identify(/home/juan/rs1_ws/src/RS1-Search-and-Rescue-Robot/m-explore-ros2/map_merge) by extensions ['ignore', 'ignore_ament_install']
[0.195s] Level 1:colcon.colcon_core.package_identification:_identify(/home/juan/rs1_ws/src/RS1-Search-and-Rescue-Robot/m-explore-ros2/map_merge) by extension 'ignore'
[0.195s] Level 1:colcon.colcon_core.package_identification:_identify(/home/juan/rs1_ws/src/RS1-Search-and-Rescue-Robot/m-explore-ros2/map_merge) by extension 'ignore_ament_install'
[0.195s] Level 1:colcon.colcon_core.package_identification:_identify(/home/juan/rs1_ws/src/RS1-Search-and-Rescue-Robot/m-explore-ros2/map_merge) by extensions ['colcon_pkg']
[0.195s] Level 1:colcon.colcon_core.package_identification:_identify(/home/juan/rs1_ws/src/RS1-Search-and-Rescue-Robot/m-explore-ros2/map_merge) by extension 'colcon_pkg'
[0.195s] Level 1:colcon.colcon_core.package_identification:_identify(/home/juan/rs1_ws/src/RS1-Search-and-Rescue-Robot/m-explore-ros2/map_merge) by extensions ['colcon_meta']
[0.195s] Level 1:colcon.colcon_core.package_identification:_identify(/home/juan/rs1_ws/src/RS1-Search-and-Rescue-Robot/m-explore-ros2/map_merge) by extension 'colcon_meta'
[0.195s] Level 1:colcon.colcon_core.package_identification:_identify(/home/juan/rs1_ws/src/RS1-Search-and-Rescue-Robot/m-explore-ros2/map_merge) by extensions ['ros']
[0.195s] Level 1:colcon.colcon_core.package_identification:_identify(/home/juan/rs1_ws/src/RS1-Search-and-Rescue-Robot/m-explore-ros2/map_merge) by extension 'ros'
[0.195s] DEBUG:colcon.colcon_core.package_identification:Package '/home/juan/rs1_ws/src/RS1-Search-and-Rescue-Robot/m-explore-ros2/map_merge' with type 'ros.ament_cmake' and name 'multirobot_map_merge'
[0.196s] Level 1:colcon.colcon_core.package_identification:_identify(/home/juan/rs1_ws/src/RS1-Search-and-Rescue-Robot/usergui) by extensions ['ignore', 'ignore_ament_install']
[0.196s] Level 1:colcon.colcon_core.package_identification:_identify(/home/juan/rs1_ws/src/RS1-Search-and-Rescue-Robot/usergui) by extension 'ignore'
[0.196s] Level 1:colcon.colcon_core.package_identification:_identify(/home/juan/rs1_ws/src/RS1-Search-and-Rescue-Robot/usergui) by extension 'ignore_ament_install'
[0.196s] Level 1:colcon.colcon_core.package_identification:_identify(/home/juan/rs1_ws/src/RS1-Search-and-Rescue-Robot/usergui) by extensions ['colcon_pkg']
[0.196s] Level 1:colcon.colcon_core.package_identification:_identify(/home/juan/rs1_ws/src/RS1-Search-and-Rescue-Robot/usergui) by extension 'colcon_pkg'
[0.196s] Level 1:colcon.colcon_core.package_identification:_identify(/home/juan/rs1_ws/src/RS1-Search-and-Rescue-Robot/usergui) by extensions ['colcon_meta']
[0.196s] Level 1:colcon.colcon_core.package_identification:_identify(/home/juan/rs1_ws/src/RS1-Search-and-Rescue-Robot/usergui) by extension 'colcon_meta'
[0.196s] Level 1:colcon.colcon_core.package_identification:_identify(/home/juan/rs1_ws/src/RS1-Search-and-Rescue-Robot/usergui) by extensions ['ros']
[0.196s] Level 1:colcon.colcon_core.package_identification:_identify(/home/juan/rs1_ws/src/RS1-Search-and-Rescue-Robot/usergui) by extension 'ros'
[0.197s] DEBUG:colcon.colcon_core.package_identification:Package '/home/juan/rs1_ws/src/RS1-Search-and-Rescue-Robot/usergui' with type 'ros.ament_cmake' and name 'usergui'
[0.197s] Level 1:colcon.colcon_core.package_identification:_identify(/home/juan/rs1_ws/src/RS1-Search-and-Rescue-Robot/yolo_detector) by extensions ['ignore', 'ignore_ament_install']
[0.197s] Level 1:colcon.colcon_core.package_identification:_identify(/home/juan/rs1_ws/src/RS1-Search-and-Rescue-Robot/yolo_detector) by extension 'ignore'
[0.197s] Level 1:colcon.colcon_core.package_identification:_identify(/home/juan/rs1_ws/src/RS1-Search-and-Rescue-Robot/yolo_detector) by extension 'ignore_ament_install'
[0.197s] Level 1:colcon.colcon_core.package_identification:_identify(/home/juan/rs1_ws/src/RS1-Search-and-Rescue-Robot/yolo_detector) by extensions ['colcon_pkg']
[0.197s] Level 1:colcon.colcon_core.package_identification:_identify(/home/juan/rs1_ws/src/RS1-Search-and-Rescue-Robot/yolo_detector) by extension 'colcon_pkg'
[0.197s] Level 1:colcon.colcon_core.package_identification:_identify(/home/juan/rs1_ws/src/RS1-Search-and-Rescue-Robot/yolo_detector) by extensions ['colcon_meta']
[0.197s] Level 1:colcon.colcon_core.package_identification:_identify(/home/juan/rs1_ws/src/RS1-Search-and-Rescue-Robot/yolo_detector) by extension 'colcon_meta'
[0.198s] Level 1:colcon.colcon_core.package_identification:_identify(/home/juan/rs1_ws/src/RS1-Search-and-Rescue-Robot/yolo_detector) by extensions ['ros']
[0.198s] Level 1:colcon.colcon_core.package_identification:_identify(/home/juan/rs1_ws/src/RS1-Search-and-Rescue-Robot/yolo_detector) by extension 'ros'
[0.198s] DEBUG:colcon.colcon_core.package_identification:Package '/home/juan/rs1_ws/src/RS1-Search-and-Rescue-Robot/yolo_detector' with type 'ros.ament_python' and name 'yolo_detector'
[0.198s] Level 1:colcon.colcon_core.package_discovery:discover_packages(recursive) using defaults
